class Laptop
{
	static  String name="hp";
	public static void info()
	{
		System.out.println("laptop name is HP."+name);
		
	}
	 static byte modelNo=21;
	public static void info(modelNo)
	{ 
	 System.out.println("modelno is:");
	}
}
	  class Cost
	{
		 static double price=450000;
		public static void price()
		{
			System.out.println("price:"+price);
	    
	    }
	   static byte weight=45;
	   public static void quantity();
	   {
		   System.out.println("quantity:"+weight);
	        
	   }
	}
	public class System
	{
	   public static void main(String[] args)
	   {
		   Laptop.info();
		   Laptop.info(modelNo);
		   Cost.price();
		   Cost.quantity();
	   }
	}
	   
	   
	   
	
	
	
	
		
	
	